<?xml version="1.0" encoding="UTF-8"?>
<testng-results skipped="0" failed="0" ignored="0" total="1" passed="1">
  <reporter-output>
  </reporter-output>
  <suite name="Suite" duration-ms="27758" started-at="2020-04-06T08:27:39Z" finished-at="2020-04-06T08:28:06Z">
    <groups>
    </groups>
    <test name="Test" duration-ms="27758" started-at="2020-04-06T08:27:39Z" finished-at="2020-04-06T08:28:06Z">
      <class name="com.qa.test.Login">
        <test-method status="PASS" signature="setUp()[pri:0, instance:com.qa.test.Login@6295d394]" name="setUp" is-config="true" duration-ms="22573" started-at="2020-04-06T08:27:39Z" finished-at="2020-04-06T08:28:01Z">
          <reporter-output>
          </reporter-output>
        </test-method> <!-- setUp -->
        <test-method status="PASS" signature="loginTest()[pri:0, instance:com.qa.test.Login@6295d394]" name="loginTest" duration-ms="4426" started-at="2020-04-06T08:28:01Z" finished-at="2020-04-06T08:28:06Z">
          <reporter-output>
          </reporter-output>
        </test-method> <!-- loginTest -->
        <test-method status="PASS" signature="tearDown()[pri:0, instance:com.qa.test.Login@6295d394]" name="tearDown" is-config="true" duration-ms="625" started-at="2020-04-06T08:28:06Z" finished-at="2020-04-06T08:28:06Z">
          <reporter-output>
          </reporter-output>
        </test-method> <!-- tearDown -->
      </class> <!-- com.qa.test.Login -->
    </test> <!-- Test -->
  </suite> <!-- Suite -->
</testng-results>
