<?xml version="1.0" encoding="UTF-8"?>
<testng-results skipped="0" failed="0" ignored="0" total="1" passed="1">
  <reporter-output>
  </reporter-output>
  <suite name="Default suite" duration-ms="54083" started-at="2019-03-31T16:29:41Z" finished-at="2019-03-31T16:30:35Z">
    <groups>
    </groups>
    <test name="Default test" duration-ms="54083" started-at="2019-03-31T16:29:41Z" finished-at="2019-03-31T16:30:35Z">
      <class name="Httpauto3">
        <test-method status="PASS" signature="setUp()[pri:0, instance:Httpauto3@6e1567f1]" name="setUp" is-config="true" duration-ms="12860" started-at="2019-03-31T16:29:41Z" finished-at="2019-03-31T16:29:53Z">
          <reporter-output>
          </reporter-output>
        </test-method> <!-- setUp -->
        <test-method status="PASS" signature="scenario()[pri:0, instance:Httpauto3@6e1567f1]" name="scenario" duration-ms="40591" started-at="2019-03-31T16:29:53Z" finished-at="2019-03-31T16:30:34Z">
          <reporter-output>
          </reporter-output>
        </test-method> <!-- scenario -->
        <test-method status="PASS" signature="tearDown()[pri:0, instance:Httpauto3@6e1567f1]" name="tearDown" is-config="true" duration-ms="625" started-at="2019-03-31T16:30:34Z" finished-at="2019-03-31T16:30:35Z">
          <reporter-output>
          </reporter-output>
        </test-method> <!-- tearDown -->
      </class> <!-- Httpauto3 -->
    </test> <!-- Default test -->
  </suite> <!-- Default suite -->
</testng-results>
