-------------------------------------------------------------------------------
Test set: com.qa.test.TestRunner
-------------------------------------------------------------------------------
Tests run: 4, Failures: 2, Errors: 0, Skipped: 0, Time elapsed: 58.496 s <<< FAILURE! - in com.qa.test.TestRunner
Then User redirected to Home Page(Scenario: Check Login functionality with valid credentials)  Time elapsed: 0.01 s  <<< FAILURE!
org.junit.ComparisonFailure: expected:<([1]) Facebook> but was:<([20+]) Facebook>

Scenario: Check Login functionality with valid credentials  Time elapsed: 0.013 s  <<< FAILURE!
org.junit.ComparisonFailure: expected:<([1]) Facebook> but was:<([20+]) Facebook>

