<?xml version="1.0" encoding="UTF-8"?>
<testsuite xmlns:xsi="http://www.w3.org/2001/XMLSchema-instance" xsi:noNamespaceSchemaLocation="https://maven.apache.org/surefire/maven-surefire-plugin/xsd/surefire-test-report-3.0.xsd" version="3.0" name="com.qa.test.TestRunner" time="58.496" tests="4" errors="0" skipped="0" failures="2">
  <properties>
[...]
</properties>
  <testcase name="Given Navigate to Facebook Login page" classname="Scenario: Check Login functionality with valid credentials" time="0.004"/>
  <testcase name="Then User enters username and password" classname="Scenario: Check Login functionality with valid credentials" time="0"/>
  <testcase name="Then User redirected to Home Page" classname="Scenario: Check Login functionality with valid credentials" time="0.01">
    <failure message="expected:&lt;([1]) Facebook&gt; but was:&lt;([20+]) Facebook&gt;" type="org.junit.ComparisonFailure"><![CDATA[org.junit.ComparisonFailure: expected:<([1]) Facebook> but was:<([20+]) Facebook>
]]></failure>
  </testcase>
  <testcase name="Scenario: Check Login functionality with valid credentials" classname="Scenario: Check Login functionality with valid credentials" time="0.013">
    <failure message="expected:&lt;([1]) Facebook&gt; but was:&lt;([20+]) Facebook&gt;" type="org.junit.ComparisonFailure"><![CDATA[org.junit.ComparisonFailure: expected:<([1]) Facebook> but was:<([20+]) Facebook>
]]></failure>
  </testcase>
</testsuite>