<?xml version="1.0" encoding="UTF-8"?>
<testng-results skipped="0" failed="0" ignored="0" total="1" passed="1">
  <reporter-output>
  </reporter-output>
  <suite name="Suite" duration-ms="18802" started-at="2020-04-06T17:14:19Z" finished-at="2020-04-06T17:14:38Z">
    <groups>
    </groups>
    <test name="Test" duration-ms="18802" started-at="2020-04-06T17:14:19Z" finished-at="2020-04-06T17:14:38Z">
      <class name="com.qa.test.Login">
        <test-method status="PASS" signature="setUp()[pri:0, instance:com.qa.test.Login@78a2da20]" name="setUp" is-config="true" duration-ms="13979" started-at="2020-04-06T17:14:19Z" finished-at="2020-04-06T17:14:33Z">
          <reporter-output>
          </reporter-output>
        </test-method> <!-- setUp -->
        <test-method status="PASS" signature="loginTest()[pri:0, instance:com.qa.test.Login@78a2da20]" name="loginTest" duration-ms="4052" started-at="2020-04-06T17:14:33Z" finished-at="2020-04-06T17:14:37Z">
          <reporter-output>
          </reporter-output>
        </test-method> <!-- loginTest -->
        <test-method status="PASS" signature="tearDown()[pri:0, instance:com.qa.test.Login@78a2da20]" name="tearDown" is-config="true" duration-ms="640" started-at="2020-04-06T17:14:38Z" finished-at="2020-04-06T17:14:38Z">
          <reporter-output>
          </reporter-output>
        </test-method> <!-- tearDown -->
      </class> <!-- com.qa.test.Login -->
    </test> <!-- Test -->
  </suite> <!-- Suite -->
</testng-results>
