<?xml version="1.0" encoding="UTF-8"?>
<testng-results skipped="0" failed="0" ignored="0" total="1" passed="1">
  <reporter-output>
  </reporter-output>
  <suite name="Suite" duration-ms="26772" started-at="2020-04-07T08:22:33Z" finished-at="2020-04-07T08:22:59Z">
    <groups>
    </groups>
    <test name="Test" duration-ms="26772" started-at="2020-04-07T08:22:33Z" finished-at="2020-04-07T08:22:59Z">
      <class name="com.qa.test.Login">
        <test-method status="PASS" signature="setUp()[pri:0, instance:com.qa.test.Login@78a2da20]" name="setUp" is-config="true" duration-ms="21447" started-at="2020-04-07T08:22:33Z" finished-at="2020-04-07T08:22:54Z">
          <reporter-output>
          </reporter-output>
        </test-method> <!-- setUp -->
        <test-method status="PASS" signature="loginTest()[pri:0, instance:com.qa.test.Login@78a2da20]" name="loginTest" duration-ms="4631" started-at="2020-04-07T08:22:54Z" finished-at="2020-04-07T08:22:59Z">
          <reporter-output>
          </reporter-output>
        </test-method> <!-- loginTest -->
        <test-method status="PASS" signature="tearDown()[pri:0, instance:com.qa.test.Login@78a2da20]" name="tearDown" is-config="true" duration-ms="633" started-at="2020-04-07T08:22:59Z" finished-at="2020-04-07T08:22:59Z">
          <reporter-output>
          </reporter-output>
        </test-method> <!-- tearDown -->
      </class> <!-- com.qa.test.Login -->
    </test> <!-- Test -->
  </suite> <!-- Suite -->
</testng-results>
