<?xml version="1.0" encoding="UTF-8"?>
<!-- Generated by org.testng.reporters.JUnitXMLReporter -->
<testsuite hostname="DESKTOP-PCEHKV8" ignored="0" name="Test" tests="1" failures="1" timestamp="30 Jun 2020 08:55:07 GMT" time="70.796" errors="0">
  <testcase name="appTest" time="49.169" classname="com.qa.apptest.QatarAirways">
    <failure type="org.openqa.selenium.WebDriverException" message="An unknown server-side error occurred while processing the command. Original error: Could not proxy command to remote server. Original error: Error: socket hang up
Build info: version: &amp;apos;3.141.59&amp;apos;, revision: &amp;apos;e82be7d358&amp;apos;, time: &amp;apos;2018-11-14T08:17:03&amp;apos;
System info: host: &amp;apos;DESKTOP-PCEHKV8&amp;apos;, ip: &amp;apos;192.168.43.183&amp;apos;, os.name: &amp;apos;Windows 10&amp;apos;, os.arch: &amp;apos;amd64&amp;apos;, os.version: &amp;apos;10.0&amp;apos;, java.version: &amp;apos;1.8.0_191&amp;apos;
Driver info: org.openqa.selenium.remote.RemoteWebDriver
Capabilities {VERSION: 8.0.0, appActivity: com.m.qr.activities.misc.QR..., appPackage: com.m.qr, autoAcceptAlerts: true, databaseEnabled: false, desired: {VERSION: 8.0.0, appActivity: com.m.qr.activities.misc.QR..., appPackage: com.m.qr, autoAcceptAlerts: true, device ID: c1cbd64c, deviceName: G2299, noReset: true, platformName: android, unlockKey: 6666, unlockType: pin}, device ID: c1cbd64c, deviceApiLevel: 26, deviceManufacturer: SONY, deviceModel: G2299, deviceName: c1cbd64c, deviceScreenDensity: 320, deviceScreenSize: 720x1280, deviceUDID: c1cbd64c, javascriptEnabled: true, locationContextEnabled: false, networkConnectionEnabled: true, noReset: true, pixelRatio: 2, platform: LINUX, platformName: LINUX, platformVersion: 8.0.0, statBarHeight: 48, takesScreenshot: true, unlockKey: 6666, unlockType: pin, viewportRect: {height: 1136, left: 0, top: 48, width: 720}, warnings: {}, webStorageEnabled: false}
Session ID: e3f3f16c-faad-44bd-aa85-381cd85214a6
*** Element info: {Using=xpath, value=//android.widget.EditText[@text= &amp;apos;Booking reference or e-ticket number&amp;apos;]}">
      <![CDATA[org.openqa.selenium.WebDriverException: An unknown server-side error occurred while processing the command. Original error: Could not proxy command to remote server. Original error: Error: socket hang up
Build info: version: '3.141.59', revision: 'e82be7d358', time: '2018-11-14T08:17:03'
System info: host: 'DESKTOP-PCEHKV8', ip: '192.168.43.183', os.name: 'Windows 10', os.arch: 'amd64', os.version: '10.0', java.version: '1.8.0_191'
Driver info: org.openqa.selenium.remote.RemoteWebDriver
Capabilities {VERSION: 8.0.0, appActivity: com.m.qr.activities.misc.QR..., appPackage: com.m.qr, autoAcceptAlerts: true, databaseEnabled: false, desired: {VERSION: 8.0.0, appActivity: com.m.qr.activities.misc.QR..., appPackage: com.m.qr, autoAcceptAlerts: true, device ID: c1cbd64c, deviceName: G2299, noReset: true, platformName: android, unlockKey: 6666, unlockType: pin}, device ID: c1cbd64c, deviceApiLevel: 26, deviceManufacturer: SONY, deviceModel: G2299, deviceName: c1cbd64c, deviceScreenDensity: 320, deviceScreenSize: 720x1280, deviceUDID: c1cbd64c, javascriptEnabled: true, locationContextEnabled: false, networkConnectionEnabled: true, noReset: true, pixelRatio: 2, platform: LINUX, platformName: LINUX, platformVersion: 8.0.0, statBarHeight: 48, takesScreenshot: true, unlockKey: 6666, unlockType: pin, viewportRect: {height: 1136, left: 0, top: 48, width: 720}, warnings: {}, webStorageEnabled: false}
Session ID: e3f3f16c-faad-44bd-aa85-381cd85214a6
*** Element info: {Using=xpath, value=//android.widget.EditText[@text= 'Booking reference or e-ticket number']}
at org.openqa.selenium.remote.http.W3CHttpResponseCodec.createException(W3CHttpResponseCodec.java:187)
at org.openqa.selenium.remote.http.W3CHttpResponseCodec.decode(W3CHttpResponseCodec.java:122)
at org.openqa.selenium.remote.http.W3CHttpResponseCodec.decode(W3CHttpResponseCodec.java:49)
at org.openqa.selenium.remote.HttpCommandExecutor.execute(HttpCommandExecutor.java:158)
at org.openqa.selenium.remote.RemoteWebDriver.execute(RemoteWebDriver.java:552)
at org.openqa.selenium.remote.RemoteWebDriver.findElement(RemoteWebDriver.java:323)
at org.openqa.selenium.remote.RemoteWebDriver.findElementByXPath(RemoteWebDriver.java:428)
at org.openqa.selenium.By$ByXPath.findElement(By.java:353)
at org.openqa.selenium.remote.RemoteWebDriver.findElement(RemoteWebDriver.java:315)
at com.qa.apptest.QatarAirways.appTest(QatarAirways.java:62)
... Removed 33 stack frames]]>
    </failure>
  </testcase> <!-- appTest -->
</testsuite> <!-- Test -->
