<?xml version="1.0" encoding="UTF-8"?>
<testng-results skipped="0" failed="1" ignored="0" total="1" passed="0">
  <reporter-output>
  </reporter-output>
  <suite name="Suite" duration-ms="70796" started-at="2020-06-30T08:53:56Z" finished-at="2020-06-30T08:55:07Z">
    <groups>
    </groups>
    <test name="Test" duration-ms="70796" started-at="2020-06-30T08:53:56Z" finished-at="2020-06-30T08:55:07Z">
      <class name="com.qa.apptest.QatarAirways">
        <test-method status="PASS" signature="setUp()[pri:0, instance:com.qa.apptest.QatarAirways@64d2d351]" name="setUp" is-config="true" duration-ms="10516" started-at="2020-06-30T08:53:56Z" finished-at="2020-06-30T08:54:07Z">
          <reporter-output>
          </reporter-output>
        </test-method> <!-- setUp -->
        <test-method status="PASS" signature="setUp()[pri:0, instance:com.qa.apptest.QatarAirways@64d2d351]" name="setUp" is-config="true" duration-ms="11003" started-at="2020-06-30T08:54:07Z" finished-at="2020-06-30T08:54:18Z">
          <reporter-output>
          </reporter-output>
        </test-method> <!-- setUp -->
        <test-method status="FAIL" signature="appTest()[pri:0, instance:com.qa.apptest.QatarAirways@64d2d351]" name="appTest" duration-ms="49169" started-at="2020-06-30T08:54:18Z" finished-at="2020-06-30T08:55:07Z">
          <exception class="org.openqa.selenium.WebDriverException">
            <message>
              <![CDATA[An unknown server-side error occurred while processing the command. Original error: Could not proxy command to remote server. Original error: Error: socket hang up
Build info: version: '3.141.59', revision: 'e82be7d358', time: '2018-11-14T08:17:03'
System info: host: 'DESKTOP-PCEHKV8', ip: '192.168.43.183', os.name: 'Windows 10', os.arch: 'amd64', os.version: '10.0', java.version: '1.8.0_191'
Driver info: org.openqa.selenium.remote.RemoteWebDriver
Capabilities {VERSION: 8.0.0, appActivity: com.m.qr.activities.misc.QR..., appPackage: com.m.qr, autoAcceptAlerts: true, databaseEnabled: false, desired: {VERSION: 8.0.0, appActivity: com.m.qr.activities.misc.QR..., appPackage: com.m.qr, autoAcceptAlerts: true, device ID: c1cbd64c, deviceName: G2299, noReset: true, platformName: android, unlockKey: 6666, unlockType: pin}, device ID: c1cbd64c, deviceApiLevel: 26, deviceManufacturer: SONY, deviceModel: G2299, deviceName: c1cbd64c, deviceScreenDensity: 320, deviceScreenSize: 720x1280, deviceUDID: c1cbd64c, javascriptEnabled: true, locationContextEnabled: false, networkConnectionEnabled: true, noReset: true, pixelRatio: 2, platform: LINUX, platformName: LINUX, platformVersion: 8.0.0, statBarHeight: 48, takesScreenshot: true, unlockKey: 6666, unlockType: pin, viewportRect: {height: 1136, left: 0, top: 48, width: 720}, warnings: {}, webStorageEnabled: false}
Session ID: e3f3f16c-faad-44bd-aa85-381cd85214a6
*** Element info: {Using=xpath, value=//android.widget.EditText[@text= 'Booking reference or e-ticket number']}]]>
            </message>
            <full-stacktrace>
              <![CDATA[org.openqa.selenium.WebDriverException: An unknown server-side error occurred while processing the command. Original error: Could not proxy command to remote server. Original error: Error: socket hang up
Build info: version: '3.141.59', revision: 'e82be7d358', time: '2018-11-14T08:17:03'
System info: host: 'DESKTOP-PCEHKV8', ip: '192.168.43.183', os.name: 'Windows 10', os.arch: 'amd64', os.version: '10.0', java.version: '1.8.0_191'
Driver info: org.openqa.selenium.remote.RemoteWebDriver
Capabilities {VERSION: 8.0.0, appActivity: com.m.qr.activities.misc.QR..., appPackage: com.m.qr, autoAcceptAlerts: true, databaseEnabled: false, desired: {VERSION: 8.0.0, appActivity: com.m.qr.activities.misc.QR..., appPackage: com.m.qr, autoAcceptAlerts: true, device ID: c1cbd64c, deviceName: G2299, noReset: true, platformName: android, unlockKey: 6666, unlockType: pin}, device ID: c1cbd64c, deviceApiLevel: 26, deviceManufacturer: SONY, deviceModel: G2299, deviceName: c1cbd64c, deviceScreenDensity: 320, deviceScreenSize: 720x1280, deviceUDID: c1cbd64c, javascriptEnabled: true, locationContextEnabled: false, networkConnectionEnabled: true, noReset: true, pixelRatio: 2, platform: LINUX, platformName: LINUX, platformVersion: 8.0.0, statBarHeight: 48, takesScreenshot: true, unlockKey: 6666, unlockType: pin, viewportRect: {height: 1136, left: 0, top: 48, width: 720}, warnings: {}, webStorageEnabled: false}
Session ID: e3f3f16c-faad-44bd-aa85-381cd85214a6
*** Element info: {Using=xpath, value=//android.widget.EditText[@text= 'Booking reference or e-ticket number']}
at sun.reflect.NativeConstructorAccessorImpl.newInstance0(Native Method)
at sun.reflect.NativeConstructorAccessorImpl.newInstance(NativeConstructorAccessorImpl.java:62)
at sun.reflect.DelegatingConstructorAccessorImpl.newInstance(DelegatingConstructorAccessorImpl.java:45)
at java.lang.reflect.Constructor.newInstance(Constructor.java:423)
at org.openqa.selenium.remote.http.W3CHttpResponseCodec.createException(W3CHttpResponseCodec.java:187)
at org.openqa.selenium.remote.http.W3CHttpResponseCodec.decode(W3CHttpResponseCodec.java:122)
at org.openqa.selenium.remote.http.W3CHttpResponseCodec.decode(W3CHttpResponseCodec.java:49)
at org.openqa.selenium.remote.HttpCommandExecutor.execute(HttpCommandExecutor.java:158)
at org.openqa.selenium.remote.RemoteWebDriver.execute(RemoteWebDriver.java:552)
at org.openqa.selenium.remote.RemoteWebDriver.findElement(RemoteWebDriver.java:323)
at org.openqa.selenium.remote.RemoteWebDriver.findElementByXPath(RemoteWebDriver.java:428)
at org.openqa.selenium.By$ByXPath.findElement(By.java:353)
at org.openqa.selenium.remote.RemoteWebDriver.findElement(RemoteWebDriver.java:315)
at com.qa.apptest.QatarAirways.appTest(QatarAirways.java:62)
at sun.reflect.NativeMethodAccessorImpl.invoke0(Native Method)
at sun.reflect.NativeMethodAccessorImpl.invoke(NativeMethodAccessorImpl.java:62)
at sun.reflect.DelegatingMethodAccessorImpl.invoke(DelegatingMethodAccessorImpl.java:43)
at java.lang.reflect.Method.invoke(Method.java:498)
at org.testng.internal.MethodInvocationHelper.invokeMethod(MethodInvocationHelper.java:124)
at org.testng.internal.Invoker.invokeMethod(Invoker.java:583)
at org.testng.internal.Invoker.invokeTestMethod(Invoker.java:719)
at org.testng.internal.Invoker.invokeTestMethods(Invoker.java:989)
at org.testng.internal.TestMethodWorker.invokeTestMethods(TestMethodWorker.java:125)
at org.testng.internal.TestMethodWorker.run(TestMethodWorker.java:109)
at org.testng.TestRunner.privateRun(TestRunner.java:648)
at org.testng.TestRunner.run(TestRunner.java:505)
at org.testng.SuiteRunner.runTest(SuiteRunner.java:455)
at org.testng.SuiteRunner.runSequentially(SuiteRunner.java:450)
at org.testng.SuiteRunner.privateRun(SuiteRunner.java:415)
at org.testng.SuiteRunner.run(SuiteRunner.java:364)
at org.testng.SuiteRunnerWorker.runSuite(SuiteRunnerWorker.java:52)
at org.testng.SuiteRunnerWorker.run(SuiteRunnerWorker.java:84)
at org.testng.TestNG.runSuitesSequentially(TestNG.java:1208)
at org.testng.TestNG.runSuitesLocally(TestNG.java:1137)
at org.testng.TestNG.runSuites(TestNG.java:1049)
at org.testng.TestNG.run(TestNG.java:1017)
at org.apache.maven.surefire.testng.TestNGExecutor.run(TestNGExecutor.java:283)
at org.apache.maven.surefire.testng.TestNGXmlTestSuite.execute(TestNGXmlTestSuite.java:75)
at org.apache.maven.surefire.testng.TestNGProvider.invoke(TestNGProvider.java:120)
at org.apache.maven.surefire.booter.ForkedBooter.invokeProviderInSameClassLoader(ForkedBooter.java:384)
at org.apache.maven.surefire.booter.ForkedBooter.runSuitesInProcess(ForkedBooter.java:345)
at org.apache.maven.surefire.booter.ForkedBooter.execute(ForkedBooter.java:126)
at org.apache.maven.surefire.booter.ForkedBooter.main(ForkedBooter.java:418)
]]>
            </full-stacktrace>
          </exception> <!-- org.openqa.selenium.WebDriverException -->
          <reporter-output>
          </reporter-output>
        </test-method> <!-- appTest -->
        <test-method status="PASS" signature="teardown()[pri:0, instance:com.qa.apptest.QatarAirways@64d2d351]" name="teardown" is-config="true" duration-ms="5" started-at="2020-06-30T08:55:07Z" finished-at="2020-06-30T08:55:07Z">
          <reporter-output>
          </reporter-output>
        </test-method> <!-- teardown -->
      </class> <!-- com.qa.apptest.QatarAirways -->
    </test> <!-- Test -->
  </suite> <!-- Suite -->
</testng-results>
