<?xml version="1.0" encoding="UTF-8"?>
<testsuite xmlns:xsi="http://www.w3.org/2001/XMLSchema-instance" xsi:noNamespaceSchemaLocation="https://maven.apache.org/surefire/maven-surefire-plugin/xsd/surefire-test-report-3.0.xsd" version="3.0" name="TestSuite" time="71.446" tests="1" errors="0" skipped="0" failures="1">
  <properties>
[...]
</properties>
  <testcase name="appTest" classname="com.qa.apptest.QatarAirways" time="49.13">
    <failure message="An unknown server-side error occurred while processing the command. Original error: Could not proxy command to remote server. Original error: Error: socket hang up&#10;Build info: version: &apos;3.141.59&apos;, revision: &apos;e82be7d358&apos;, time: &apos;2018-11-14T08:17:03&apos;&#10;System info: host: &apos;DESKTOP-PCEHKV8&apos;, ip: &apos;192.168.43.183&apos;, os.name: &apos;Windows 10&apos;, os.arch: &apos;amd64&apos;, os.version: &apos;10.0&apos;, java.version: &apos;1.8.0_191&apos;&#10;Driver info: org.openqa.selenium.remote.RemoteWebDriver&#10;Capabilities {VERSION: 8.0.0, appActivity: com.m.qr.activities.misc.QR..., appPackage: com.m.qr, autoAcceptAlerts: true, databaseEnabled: false, desired: {VERSION: 8.0.0, appActivity: com.m.qr.activities.misc.QR..., appPackage: com.m.qr, autoAcceptAlerts: true, device ID: c1cbd64c, deviceName: G2299, noReset: true, platformName: android, unlockKey: 6666, unlockType: pin}, device ID: c1cbd64c, deviceApiLevel: 26, deviceManufacturer: SONY, deviceModel: G2299, deviceName: c1cbd64c, deviceScreenDensity: 320, deviceScreenSize: 720x1280, deviceUDID: c1cbd64c, javascriptEnabled: true, locationContextEnabled: false, networkConnectionEnabled: true, noReset: true, pixelRatio: 2, platform: LINUX, platformName: LINUX, platformVersion: 8.0.0, statBarHeight: 48, takesScreenshot: true, unlockKey: 6666, unlockType: pin, viewportRect: {height: 1136, left: 0, top: 48, width: 720}, warnings: {}, webStorageEnabled: false}&#10;Session ID: e3f3f16c-faad-44bd-aa85-381cd85214a6&#10;*** Element info: {Using=xpath, value=//android.widget.EditText[@text= &apos;Booking reference or e-ticket number&apos;]}" type="org.openqa.selenium.WebDriverException">org.openqa.selenium.WebDriverException: 
An unknown server-side error occurred while processing the command. Original error: Could not proxy command to remote server. Original error: Error: socket hang up
Build info: version: '3.141.59', revision: 'e82be7d358', time: '2018-11-14T08:17:03'
System info: host: 'DESKTOP-PCEHKV8', ip: '192.168.43.183', os.name: 'Windows 10', os.arch: 'amd64', os.version: '10.0', java.version: '1.8.0_191'
Driver info: org.openqa.selenium.remote.RemoteWebDriver
Capabilities {VERSION: 8.0.0, appActivity: com.m.qr.activities.misc.QR..., appPackage: com.m.qr, autoAcceptAlerts: true, databaseEnabled: false, desired: {VERSION: 8.0.0, appActivity: com.m.qr.activities.misc.QR..., appPackage: com.m.qr, autoAcceptAlerts: true, device ID: c1cbd64c, deviceName: G2299, noReset: true, platformName: android, unlockKey: 6666, unlockType: pin}, device ID: c1cbd64c, deviceApiLevel: 26, deviceManufacturer: SONY, deviceModel: G2299, deviceName: c1cbd64c, deviceScreenDensity: 320, deviceScreenSize: 720x1280, deviceUDID: c1cbd64c, javascriptEnabled: true, locationContextEnabled: false, networkConnectionEnabled: true, noReset: true, pixelRatio: 2, platform: LINUX, platformName: LINUX, platformVersion: 8.0.0, statBarHeight: 48, takesScreenshot: true, unlockKey: 6666, unlockType: pin, viewportRect: {height: 1136, left: 0, top: 48, width: 720}, warnings: {}, webStorageEnabled: false}
Session ID: e3f3f16c-faad-44bd-aa85-381cd85214a6
*** Element info: {Using=xpath, value=//android.widget.EditText[@text= 'Booking reference or e-ticket number']}
	at com.qa.apptest.QatarAirways.appTest(QatarAirways.java:62)
</failure>
    <system-err><![CDATA[SLF4J: Failed to load class "org.slf4j.impl.StaticLoggerBinder".
SLF4J: Defaulting to no-operation (NOP) logger implementation
SLF4J: See http://www.slf4j.org/codes.html#StaticLoggerBinder for further details.
Jun 30, 2020 2:24:07 PM org.openqa.selenium.remote.ProtocolHandshake createSession
INFO: Detected dialect: W3C
Jun 30, 2020 2:24:18 PM org.openqa.selenium.remote.ProtocolHandshake createSession
INFO: Detected dialect: W3C
]]></system-err>
  </testcase>
</testsuite>